0 info it worked if it ends with ok
1 verbose cli [ '/usr/local/bin/node', '/usr/local/bin/npm', 'start' ]
2 info using npm@3.3.12
3 info using node@v5.0.0
4 verbose run-script [ 'prestart', 'start', 'poststart' ]
5 info lifecycle application-name@0.0.1~prestart: application-name@0.0.1
6 silly lifecycle application-name@0.0.1~prestart: no script for prestart, continuing
7 info lifecycle application-name@0.0.1~start: application-name@0.0.1
8 verbose lifecycle application-name@0.0.1~start: unsafe-perm in lifecycle true
9 verbose lifecycle application-name@0.0.1~start: PATH: /usr/local/lib/node_modules/npm/bin/node-gyp-bin:/Users/fpearson/projects/craftnightout/node_modules/.bin:/Users/fpearson/Downloads/google-cloud-sdk/bin:./node_modules/.bin:/usr/local/bin:/usr/node_modules/bin:/Library/Frameworks/Python.framework/Versions/3.4/bin:/usr/local/heroku/bin:/usr/local/bin:/Users/fpearson/.rbenv/shims:/Library/Frameworks/Python.framework/Versions/2.7/bin:/usr/local/bin:/usr/bin:/bin:/usr/sbin:/sbin:/usr/local/share/dotnet:/Library/Frameworks/Mono.framework/Versions/Current/Commands:/Users/fpearson/.rvm/bin
10 verbose lifecycle application-name@0.0.1~start: CWD: /Users/fpearson/projects/craftnightout
11 silly lifecycle application-name@0.0.1~start: Args: [ '-c', 'nodejs ./start.js' ]
12 info lifecycle application-name@0.0.1~start: Failed to exec start script
13 verbose stack Error: application-name@0.0.1 start: `nodejs ./start.js`
13 verbose stack spawn ENOENT
13 verbose stack     at ChildProcess.<anonymous> (/usr/local/lib/node_modules/npm/lib/utils/spawn.js:17:16)
13 verbose stack     at emitTwo (events.js:87:13)
13 verbose stack     at ChildProcess.emit (events.js:172:7)
13 verbose stack     at maybeClose (internal/child_process.js:818:16)
13 verbose stack     at Process.ChildProcess._handle.onexit (internal/child_process.js:211:5)
14 verbose pkgid application-name@0.0.1
15 verbose cwd /Users/fpearson/projects/craftnightout
16 error Darwin 16.5.0
17 error argv "/usr/local/bin/node" "/usr/local/bin/npm" "start"
18 error node v5.0.0
19 error npm  v3.3.12
20 error file sh
21 error code ELIFECYCLE
22 error errno ENOENT
23 error syscall spawn
24 error application-name@0.0.1 start: `nodejs ./start.js`
24 error spawn ENOENT
25 error Failed at the application-name@0.0.1 start script 'nodejs ./start.js'.
25 error Make sure you have the latest version of node.js and npm installed.
25 error If you do, this is most likely a problem with the application-name package,
25 error not with npm itself.
25 error Tell the author that this fails on your system:
25 error     nodejs ./start.js
25 error You can get their info via:
25 error     npm owner ls application-name
25 error There is likely additional logging output above.
26 verbose exit [ 1, true ]
